<?xml version="1.0" encoding="UTF-8"?>
<testng-results ignored="0" total="2" passed="2" failed="0" skipped="0">
  <reporter-output>
  </reporter-output>
  <suite started-at="2023-04-04T14:40:18 IST" name="Default suite" finished-at="2023-04-04T14:40:45 IST" duration-ms="26533">
    <groups>
    </groups>
    <test started-at="2023-04-04T14:40:18 IST" name="Default test" finished-at="2023-04-04T14:40:45 IST" duration-ms="26533">
      <class name="Tests.TestJUintTestNG">
        <test-method signature="buttonsTest()[pri:0, instance:Tests.TestJUintTestNG@8c46918]" started-at="2023-04-04T14:40:18 IST" name="buttonsTest" finished-at="2023-04-04T14:40:35 IST" duration-ms="16133" status="PASS">
          <reporter-output>
          </reporter-output>
        </test-method> <!-- buttonsTest -->
        <test-method signature="checkBoxTest()[pri:0, instance:Tests.TestJUintTestNG@8c46918]" started-at="2023-04-04T14:40:35 IST" name="checkBoxTest" finished-at="2023-04-04T14:40:44 IST" duration-ms="9842" status="PASS">
          <reporter-output>
          </reporter-output>
        </test-method> <!-- checkBoxTest -->
        <test-method is-config="true" signature="closeBrowser()[pri:0, instance:Tests.TestJUintTestNG@8c46918]" started-at="2023-04-04T14:40:44 IST" name="closeBrowser" finished-at="2023-04-04T14:40:45 IST" duration-ms="439" status="PASS">
          <reporter-output>
          </reporter-output>
        </test-method> <!-- closeBrowser -->
      </class> <!-- Tests.TestJUintTestNG -->
    </test> <!-- Default test -->
  </suite> <!-- Default suite -->
</testng-results>
